[0.029s] Invoking command in '/home/robot/go2_ws_toolbox/build/go2_driver': CMAKE_PREFIX_PATH=${CMAKE_PREFIX_PATH}:/opt/ros/humble /usr/bin/cmake --build /home/robot/go2_ws_toolbox/build/go2_driver -- -j16 -l16
[0.087s] [ 33%] Built target lowstate_to_imu
[0.091s] [ 66%] [32mBuilding CXX object CMakeFiles/footprint_to_link.dir/src/footprint_to_link.cpp.o[0m
[0.092s] [ 83%] Built target driver
[1.969s] [01m[K/home/robot/go2_ws_toolbox/src/base/go2_driver/src/footprint_to_link.cpp:[m[K In member function â€˜[01m[Kvoid TFDynamicBroadcaster::timer_cb()[m[Kâ€™:
[1.969s] [01m[K/home/robot/go2_ws_toolbox/src/base/go2_driver/src/footprint_to_link.cpp:147:9:[m[K [01;31m[Kerror: [m[Kâ€˜[01m[Ktf2[m[Kâ€™ has not been declared
[1.969s]   147 |         [01;31m[Ktf2[m[K::Quaternion quat;
[1.969s]       |         [01;31m[K^~~[m[K
[1.972s] [01m[K/home/robot/go2_ws_toolbox/src/base/go2_driver/src/footprint_to_link.cpp:148:9:[m[K [01;31m[Kerror: [m[Kâ€˜[01m[Kquat[m[Kâ€™ was not declared in this scope; did you mean â€˜[01m[Kquad_t[m[Kâ€™?
[1.973s]   148 |         [01;31m[Kquat[m[K.setRPY(0.0, 0.0, current_yaw_);
[1.973s]       |         [01;31m[K^~~~[m[K
[1.973s]       |         [32m[Kquad_t[m[K
[4.026s] gmake[2]: *** [CMakeFiles/footprint_to_link.dir/build.make:76ï¼šCMakeFiles/footprint_to_link.dir/src/footprint_to_link.cpp.o] é”™è¯¯ 1
[4.027s] gmake[1]: *** [CMakeFiles/Makefile2:167ï¼šCMakeFiles/footprint_to_link.dir/all] é”™è¯¯ 2
[4.027s] gmake: *** [Makefile:146ï¼šall] é”™è¯¯ 2
[4.030s] Invoked command in '/home/robot/go2_ws_toolbox/build/go2_driver' returned '2': CMAKE_PREFIX_PATH=${CMAKE_PREFIX_PATH}:/opt/ros/humble /usr/bin/cmake --build /home/robot/go2_ws_toolbox/build/go2_driver -- -j16 -l16
