[0.027s] Invoking command in '/home/robot/go2_ws_toolbox/build/go2_driver': CMAKE_PREFIX_PATH=${CMAKE_PREFIX_PATH}:/opt/ros/humble /usr/bin/cmake --build /home/robot/go2_ws_toolbox/build/go2_driver -- -j16 -l16
[0.050s] -- Found ament_cmake: 1.3.12 (/opt/ros/humble/share/ament_cmake/cmake)
[0.179s] -- Found rclcpp: 16.0.14 (/opt/ros/humble/share/rclcpp/cmake)
[0.201s] -- Found rosidl_generator_c: 3.1.7 (/opt/ros/humble/share/rosidl_generator_c/cmake)
[0.203s] -- Found rosidl_adapter: 3.1.7 (/opt/ros/humble/share/rosidl_adapter/cmake)
[0.207s] -- Found rosidl_generator_cpp: 3.1.7 (/opt/ros/humble/share/rosidl_generator_cpp/cmake)
[0.214s] -- Using all available rosidl_typesupport_c: rosidl_typesupport_fastrtps_c;rosidl_typesupport_introspection_c
[0.222s] -- Using all available rosidl_typesupport_cpp: rosidl_typesupport_fastrtps_cpp;rosidl_typesupport_introspection_cpp
[0.245s] -- Found rmw_implementation_cmake: 6.1.2 (/opt/ros/humble/share/rmw_implementation_cmake/cmake)
[0.246s] -- Found rmw_cyclonedds_cpp: 1.3.4 (/home/robot/unitree_ros2/cyclonedds_ws/install/rmw_cyclonedds_cpp/share/rmw_cyclonedds_cpp/cmake)
[0.255s] -- Using RMW implementation 'rmw_cyclonedds_cpp' as default
[0.284s] -- Found unitree_go: 0.0.0 (/home/robot/unitree_ros2/cyclonedds_ws/install/unitree_go/share/unitree_go/cmake)
[0.300s] -- Found nav_msgs: 4.9.0 (/opt/ros/humble/share/nav_msgs/cmake)
[0.310s] -- Found tf2: 0.25.15 (/opt/ros/humble/share/tf2/cmake)
[0.312s] -- Found tf2_ros: 0.25.15 (/opt/ros/humble/share/tf2_ros/cmake)
[0.359s] -- Found sensor_msgs: 4.9.0 (/opt/ros/humble/share/sensor_msgs/cmake)
[0.375s] -- Found ament_lint_auto: 0.12.14 (/opt/ros/humble/share/ament_lint_auto/cmake)
[0.425s] -- Added test 'cppcheck' to perform static code analysis on C / C++ code
[0.426s] -- Configured cppcheck include dirs: $<BUILD_INTERFACE:/home/robot/go2_ws_toolbox/src/base/go2_driver/include>
[0.426s] -- Configured cppcheck exclude dirs and/or files: 
[0.426s] -- Added test 'flake8' to check Python code syntax and style conventions
[0.426s] -- Added test 'lint_cmake' to check CMake code style
[0.426s] -- Added test 'pep257' to check Python code against some of the docstring style conventions in PEP 257
[0.427s] -- Added test 'uncrustify' to check C / C++ code style
[0.427s] -- Configured uncrustify additional arguments: 
[0.427s] -- Added test 'xmllint' to check XML markup files
[0.428s] -- Configuring done
[0.444s] -- Generating done
[0.450s] -- Build files have been written to: /home/robot/go2_ws_toolbox/build/go2_driver
[0.476s] [35m[1mConsolidate compiler generated dependencies of target footprint_to_link[0m
[0.476s] [35m[1mConsolidate compiler generated dependencies of target lowstate_to_imu[0m
[0.476s] [35m[1mConsolidate compiler generated dependencies of target driver[0m
[0.495s] [ 66%] [32mBuilding CXX object CMakeFiles/lowstate_to_imu.dir/src/lowstate_to_imu.cpp.o[0m
[0.495s] [ 83%] Built target footprint_to_link
[0.496s] [ 83%] Built target driver
[2.587s] [01m[K/home/robot/go2_ws_toolbox/src/base/go2_driver/src/lowstate_to_imu.cpp:[m[K In member function â€˜[01m[Kvoid LowStateToImuNode::publish_tf_transform()[m[Kâ€™:
[2.587s] [01m[K/home/robot/go2_ws_toolbox/src/base/go2_driver/src/lowstate_to_imu.cpp:91:38:[m[K [01;31m[Kerror: [m[Kâ€˜[01m[KtoMsg[m[Kâ€™ is not a member of â€˜[01m[Ktf2[m[Kâ€™
[2.587s]    91 |         tf.transform.rotation = tf2::[01;31m[KtoMsg[m[K(q);
[2.587s]       |                                      [01;31m[K^~~~~[m[K
[4.871s] gmake[2]: *** [CMakeFiles/lowstate_to_imu.dir/build.make:76ï¼šCMakeFiles/lowstate_to_imu.dir/src/lowstate_to_imu.cpp.o] é”™è¯¯ 1
[4.871s] gmake[1]: *** [CMakeFiles/Makefile2:193ï¼šCMakeFiles/lowstate_to_imu.dir/all] é”™è¯¯ 2
[4.871s] gmake: *** [Makefile:146ï¼šall] é”™è¯¯ 2
[4.874s] Invoked command in '/home/robot/go2_ws_toolbox/build/go2_driver' returned '2': CMAKE_PREFIX_PATH=${CMAKE_PREFIX_PATH}:/opt/ros/humble /usr/bin/cmake --build /home/robot/go2_ws_toolbox/build/go2_driver -- -j16 -l16
