[01m[Kcc1plus:[m[K [01;31m[Kfatal error: [m[K/home/robot/go2_ws_toolbox/src/base/go2_core/src/driver.cpp: æ²¡æœ‰é‚£ä¸ªæ–‡ä»¶æˆ–ç›®å½•
compilation terminated.
gmake[2]: *** [CMakeFiles/driver.dir/build.make:76ï¼šCMakeFiles/driver.dir/src/driver.cpp.o] é”™è¯¯ 1
gmake[1]: *** [CMakeFiles/Makefile2:137ï¼šCMakeFiles/driver.dir/all] é”™è¯¯ 2
gmake: *** [Makefile:146ï¼šall] é”™è¯¯ 2
