[0.029s] Invoking command in '/home/robot/go2_ws_toolbox/build/go2_core': CMAKE_PREFIX_PATH=${CMAKE_PREFIX_PATH}:/opt/ros/humble /usr/bin/cmake --build /home/robot/go2_ws_toolbox/build/go2_core -- -j16 -l16
[0.070s] [ 50%] [32mBuilding CXX object CMakeFiles/driver.dir/src/driver.cpp.o[0m
[0.074s] [01m[Kcc1plus:[m[K [01;31m[Kfatal error: [m[K/home/robot/go2_ws_toolbox/src/base/go2_core/src/driver.cpp: æ²¡æœ‰é‚£ä¸ªæ–‡ä»¶æˆ–ç›®å½•
[0.075s] compilation terminated.
[0.076s] gmake[2]: *** [CMakeFiles/driver.dir/build.make:76ï¼šCMakeFiles/driver.dir/src/driver.cpp.o] é”™è¯¯ 1
[0.076s] gmake[1]: *** [CMakeFiles/Makefile2:137ï¼šCMakeFiles/driver.dir/all] é”™è¯¯ 2
[0.076s] gmake: *** [Makefile:146ï¼šall] é”™è¯¯ 2
[0.095s] Invoked command in '/home/robot/go2_ws_toolbox/build/go2_core' returned '2': CMAKE_PREFIX_PATH=${CMAKE_PREFIX_PATH}:/opt/ros/humble /usr/bin/cmake --build /home/robot/go2_ws_toolbox/build/go2_core -- -j16 -l16
